SF:lib\pages\multiplication_page.dart
DA:13,4
DA:14,7
DA:17,2
DA:19,2
DA:27,6
DA:42,2
DA:44,2
DA:46,2
DA:47,4
DA:48,4
DA:49,2
DA:50,8
DA:51,4
DA:54,2
DA:56,4
DA:57,2
DA:60,2
DA:63,4
DA:65,0
DA:66,0
DA:67,0
DA:68,0
DA:69,0
DA:71,0
DA:72,0
DA:80,0
DA:81,0
DA:83,0
DA:85,0
DA:86,0
DA:87,0
DA:88,0
DA:93,2
DA:95,2
DA:96,2
DA:97,6
DA:99,2
DA:100,2
DA:101,2
DA:103,2
DA:104,2
DA:105,4
DA:107,2
DA:108,6
DA:110,2
DA:111,4
DA:113,2
DA:114,6
DA:116,2
DA:117,4
DA:119,2
DA:120,6
DA:124,2
DA:125,2
DA:126,2
DA:127,2
DA:128,2
DA:129,2
DA:130,2
DA:131,6
DA:136,2
DA:137,2
DA:139,2
DA:140,2
DA:141,2
DA:143,2
DA:144,2
DA:145,2
DA:146,2
DA:149,2
DA:150,2
DA:153,0
DA:154,0
DA:156,0
DA:168,0
DA:172,0
DA:173,0
DA:174,0
DA:176,0
DA:179,0
DA:183,0
DA:184,0
DA:185,0
DA:187,0
DA:188,0
LF:85
LH:57
end_of_record
SF:lib\widgets\card_number.dart
DA:8,4
DA:10,2
DA:12,2
DA:13,2
DA:14,2
DA:16,2
DA:17,4
DA:18,2
LF:8
LH:8
end_of_record
SF:lib\src\multiplication.dart
DA:12,2
DA:13,6
DA:14,6
DA:15,6
DA:18,0
DA:19,0
LF:6
LH:4
end_of_record
SF:lib\main.dart
DA:4,0
DA:5,0
DA:9,1
DA:11,1
DA:13,1
DA:15,1
DA:17,1
LF:7
LH:5
end_of_record
